[2025-07-07T01:47:10.140+0000] {taskinstance.py:1103} INFO - Dependencies all met for dep_context=non-requeueable deps ti=<TaskInstance: master_etl.trigger_init_dw scheduled__2025-07-06T00:00:00+00:00 [queued]>
[2025-07-07T01:47:10.244+0000] {taskinstance.py:1103} INFO - Dependencies all met for dep_context=requeueable deps ti=<TaskInstance: master_etl.trigger_init_dw scheduled__2025-07-06T00:00:00+00:00 [queued]>
[2025-07-07T01:47:10.249+0000] {taskinstance.py:1308} INFO - Starting attempt 2 of 2
[2025-07-07T01:47:10.279+0000] {taskinstance.py:1327} INFO - Executing <Task(TriggerDagRunOperator): trigger_init_dw> on 2025-07-06 00:00:00+00:00
[2025-07-07T01:47:10.285+0000] {standard_task_runner.py:57} INFO - Started process 89 to run task
[2025-07-07T01:47:10.291+0000] {standard_task_runner.py:84} INFO - Running: ['airflow', 'tasks', 'run', 'master_etl', 'trigger_init_dw', 'scheduled__2025-07-06T00:00:00+00:00', '--job-id', '30', '--raw', '--subdir', 'DAGS_FOLDER/master_etl.py', '--cfg-path', '/tmp/tmpwnijc_hr']
[2025-07-07T01:47:10.295+0000] {standard_task_runner.py:85} INFO - Job 30: Subtask trigger_init_dw
[2025-07-07T01:47:10.508+0000] {task_command.py:410} INFO - Running <TaskInstance: master_etl.trigger_init_dw scheduled__2025-07-06T00:00:00+00:00 [running]> on host 1622b3ff66d0
[2025-07-07T01:47:11.390+0000] {taskinstance.py:1547} INFO - Exporting env vars: AIRFLOW_CTX_DAG_OWNER='airflow' AIRFLOW_CTX_DAG_ID='master_etl' AIRFLOW_CTX_TASK_ID='trigger_init_dw' AIRFLOW_CTX_EXECUTION_DATE='2025-07-06T00:00:00+00:00' AIRFLOW_CTX_TRY_NUMBER='2' AIRFLOW_CTX_DAG_RUN_ID='scheduled__2025-07-06T00:00:00+00:00'
[2025-07-07T01:47:12.199+0000] {secrets_masker.py:278} WARNING - Unable to redact <TaskInstanceState.SUCCESS: 'success'>, please report this via <https://github.com/apache/airflow/issues>. Error was: TypeError: __call__() missing 1 required positional argument: 'value'
[2025-07-07T01:47:12.198+0000] {trigger_dagrun.py:201} INFO - Waiting for init_data_warehouse on 2025-07-07T01:47:11.391923+00:00 to become allowed state [<TaskInstanceState.SUCCESS: 'success'>] ...
[2025-07-07T01:48:12.287+0000] {secrets_masker.py:278} WARNING - Unable to redact <TaskInstanceState.SUCCESS: 'success'>, please report this via <https://github.com/apache/airflow/issues>. Error was: TypeError: __call__() missing 1 required positional argument: 'value'
[2025-07-07T01:48:12.286+0000] {trigger_dagrun.py:201} INFO - Waiting for init_data_warehouse on 2025-07-07T01:47:11.391923+00:00 to become allowed state [<TaskInstanceState.SUCCESS: 'success'>] ...
[2025-07-07T01:49:12.347+0000] {secrets_masker.py:278} WARNING - Unable to redact <TaskInstanceState.SUCCESS: 'success'>, please report this via <https://github.com/apache/airflow/issues>. Error was: TypeError: __call__() missing 1 required positional argument: 'value'
[2025-07-07T01:49:12.347+0000] {trigger_dagrun.py:201} INFO - Waiting for init_data_warehouse on 2025-07-07T01:47:11.391923+00:00 to become allowed state [<TaskInstanceState.SUCCESS: 'success'>] ...
[2025-07-07T01:50:12.421+0000] {secrets_masker.py:278} WARNING - Unable to redact <TaskInstanceState.SUCCESS: 'success'>, please report this via <https://github.com/apache/airflow/issues>. Error was: TypeError: __call__() missing 1 required positional argument: 'value'
[2025-07-07T01:50:12.420+0000] {trigger_dagrun.py:201} INFO - Waiting for init_data_warehouse on 2025-07-07T01:47:11.391923+00:00 to become allowed state [<TaskInstanceState.SUCCESS: 'success'>] ...
[2025-07-07T01:51:12.485+0000] {secrets_masker.py:278} WARNING - Unable to redact <TaskInstanceState.SUCCESS: 'success'>, please report this via <https://github.com/apache/airflow/issues>. Error was: TypeError: __call__() missing 1 required positional argument: 'value'
[2025-07-07T01:51:12.485+0000] {trigger_dagrun.py:201} INFO - Waiting for init_data_warehouse on 2025-07-07T01:47:11.391923+00:00 to become allowed state [<TaskInstanceState.SUCCESS: 'success'>] ...
[2025-07-07T01:52:12.591+0000] {secrets_masker.py:278} WARNING - Unable to redact <TaskInstanceState.SUCCESS: 'success'>, please report this via <https://github.com/apache/airflow/issues>. Error was: TypeError: __call__() missing 1 required positional argument: 'value'
[2025-07-07T01:52:12.590+0000] {trigger_dagrun.py:201} INFO - Waiting for init_data_warehouse on 2025-07-07T01:47:11.391923+00:00 to become allowed state [<TaskInstanceState.SUCCESS: 'success'>] ...
[2025-07-07T01:53:12.688+0000] {taskinstance.py:1824} ERROR - Task failed with exception
Traceback (most recent call last):
  File "/home/airflow/.local/lib/python3.7/site-packages/airflow/operators/trigger_dagrun.py", line 208, in execute
    raise AirflowException(f"{self.trigger_dag_id} failed with failed states {state}")
airflow.exceptions.AirflowException: init_data_warehouse failed with failed states failed
[2025-07-07T01:53:12.696+0000] {taskinstance.py:1350} INFO - Marking task as FAILED. dag_id=master_etl, task_id=trigger_init_dw, execution_date=20250706T000000, start_date=20250707T014710, end_date=20250707T015312
[2025-07-07T01:53:12.714+0000] {standard_task_runner.py:109} ERROR - Failed to execute job 30 for task trigger_init_dw (init_data_warehouse failed with failed states failed; 89)
[2025-07-07T01:53:12.757+0000] {local_task_job_runner.py:225} INFO - Task exited with return code 1
[2025-07-07T01:53:12.801+0000] {taskinstance.py:2653} INFO - 0 downstream tasks scheduled from follow-on schedule check
