[2025-07-07T07:46:00.846+0000] {taskinstance.py:1103} INFO - Dependencies all met for dep_context=non-requeueable deps ti=<TaskInstance: master_etl.trigger_dim_policy manual__2025-07-07T07:44:54.258586+00:00 [queued]>
[2025-07-07T07:46:00.882+0000] {taskinstance.py:1103} INFO - Dependencies all met for dep_context=requeueable deps ti=<TaskInstance: master_etl.trigger_dim_policy manual__2025-07-07T07:44:54.258586+00:00 [queued]>
[2025-07-07T07:46:00.882+0000] {taskinstance.py:1308} INFO - Starting attempt 1 of 2
[2025-07-07T07:46:00.914+0000] {taskinstance.py:1327} INFO - Executing <Task(TriggerDagRunOperator): trigger_dim_policy> on 2025-07-07 07:44:54.258586+00:00
[2025-07-07T07:46:00.921+0000] {standard_task_runner.py:57} INFO - Started process 605 to run task
[2025-07-07T07:46:00.925+0000] {standard_task_runner.py:84} INFO - Running: ['airflow', 'tasks', 'run', 'master_etl', 'trigger_dim_policy', 'manual__2025-07-07T07:44:54.258586+00:00', '--job-id', '228', '--raw', '--subdir', 'DAGS_FOLDER/master_etl.py', '--cfg-path', '/tmp/tmphs85ac2_']
[2025-07-07T07:46:00.928+0000] {standard_task_runner.py:85} INFO - Job 228: Subtask trigger_dim_policy
[2025-07-07T07:46:01.078+0000] {task_command.py:410} INFO - Running <TaskInstance: master_etl.trigger_dim_policy manual__2025-07-07T07:44:54.258586+00:00 [running]> on host 1622b3ff66d0
[2025-07-07T07:46:01.317+0000] {taskinstance.py:1547} INFO - Exporting env vars: AIRFLOW_CTX_DAG_OWNER='airflow' AIRFLOW_CTX_DAG_ID='master_etl' AIRFLOW_CTX_TASK_ID='trigger_dim_policy' AIRFLOW_CTX_EXECUTION_DATE='2025-07-07T07:44:54.258586+00:00' AIRFLOW_CTX_TRY_NUMBER='1' AIRFLOW_CTX_DAG_RUN_ID='manual__2025-07-07T07:44:54.258586+00:00'
[2025-07-07T07:46:01.445+0000] {secrets_masker.py:278} WARNING - Unable to redact <TaskInstanceState.SUCCESS: 'success'>, please report this via <https://github.com/apache/airflow/issues>. Error was: TypeError: __call__() missing 1 required positional argument: 'value'
[2025-07-07T07:46:01.445+0000] {trigger_dagrun.py:201} INFO - Waiting for etl_dim_policy on 2025-07-07T07:46:01.318218+00:00 to become allowed state [<TaskInstanceState.SUCCESS: 'success'>] ...
[2025-07-07T07:47:01.550+0000] {secrets_masker.py:278} WARNING - Unable to redact <TaskInstanceState.SUCCESS: 'success'>, please report this via <https://github.com/apache/airflow/issues>. Error was: TypeError: __call__() missing 1 required positional argument: 'value'
[2025-07-07T07:47:01.548+0000] {trigger_dagrun.py:201} INFO - Waiting for etl_dim_policy on 2025-07-07T07:46:01.318218+00:00 to become allowed state [<TaskInstanceState.SUCCESS: 'success'>] ...
[2025-07-07T07:48:01.628+0000] {secrets_masker.py:278} WARNING - Unable to redact <TaskInstanceState.SUCCESS: 'success'>, please report this via <https://github.com/apache/airflow/issues>. Error was: TypeError: __call__() missing 1 required positional argument: 'value'
[2025-07-07T07:48:01.628+0000] {trigger_dagrun.py:201} INFO - Waiting for etl_dim_policy on 2025-07-07T07:46:01.318218+00:00 to become allowed state [<TaskInstanceState.SUCCESS: 'success'>] ...
[2025-07-07T07:49:01.642+0000] {secrets_masker.py:278} WARNING - Unable to redact <TaskInstanceState.SUCCESS: 'success'>, please report this via <https://github.com/apache/airflow/issues>. Error was: TypeError: __call__() missing 1 required positional argument: 'value'
[2025-07-07T07:49:01.640+0000] {trigger_dagrun.py:201} INFO - Waiting for etl_dim_policy on 2025-07-07T07:46:01.318218+00:00 to become allowed state [<TaskInstanceState.SUCCESS: 'success'>] ...
[2025-07-07T07:50:01.781+0000] {secrets_masker.py:278} WARNING - Unable to redact <TaskInstanceState.SUCCESS: 'success'>, please report this via <https://github.com/apache/airflow/issues>. Error was: TypeError: __call__() missing 1 required positional argument: 'value'
[2025-07-07T07:50:01.779+0000] {trigger_dagrun.py:201} INFO - Waiting for etl_dim_policy on 2025-07-07T07:46:01.318218+00:00 to become allowed state [<TaskInstanceState.SUCCESS: 'success'>] ...
[2025-07-07T07:51:01.815+0000] {secrets_masker.py:278} WARNING - Unable to redact <TaskInstanceState.SUCCESS: 'success'>, please report this via <https://github.com/apache/airflow/issues>. Error was: TypeError: __call__() missing 1 required positional argument: 'value'
[2025-07-07T07:51:01.814+0000] {trigger_dagrun.py:201} INFO - Waiting for etl_dim_policy on 2025-07-07T07:46:01.318218+00:00 to become allowed state [<TaskInstanceState.SUCCESS: 'success'>] ...
[2025-07-07T07:52:01.893+0000] {taskinstance.py:1824} ERROR - Task failed with exception
Traceback (most recent call last):
  File "/home/airflow/.local/lib/python3.7/site-packages/airflow/operators/trigger_dagrun.py", line 208, in execute
    raise AirflowException(f"{self.trigger_dag_id} failed with failed states {state}")
airflow.exceptions.AirflowException: etl_dim_policy failed with failed states failed
[2025-07-07T07:52:01.912+0000] {taskinstance.py:1350} INFO - Marking task as UP_FOR_RETRY. dag_id=master_etl, task_id=trigger_dim_policy, execution_date=20250707T074454, start_date=20250707T074600, end_date=20250707T075201
[2025-07-07T07:52:01.948+0000] {standard_task_runner.py:109} ERROR - Failed to execute job 228 for task trigger_dim_policy (etl_dim_policy failed with failed states failed; 605)
[2025-07-07T07:52:02.006+0000] {local_task_job_runner.py:225} INFO - Task exited with return code 1
[2025-07-07T07:52:02.060+0000] {taskinstance.py:2653} INFO - 0 downstream tasks scheduled from follow-on schedule check
