[2025-07-07T07:46:08.694+0000] {taskinstance.py:1103} INFO - Dependencies all met for dep_context=non-requeueable deps ti=<TaskInstance: master_etl.trigger_dim_policy manual__2025-07-07T07:33:57.814776+00:00 [queued]>
[2025-07-07T07:46:08.703+0000] {taskinstance.py:1103} INFO - Dependencies all met for dep_context=requeueable deps ti=<TaskInstance: master_etl.trigger_dim_policy manual__2025-07-07T07:33:57.814776+00:00 [queued]>
[2025-07-07T07:46:08.704+0000] {taskinstance.py:1308} INFO - Starting attempt 2 of 2
[2025-07-07T07:46:08.713+0000] {taskinstance.py:1327} INFO - Executing <Task(TriggerDagRunOperator): trigger_dim_policy> on 2025-07-07 07:33:57.814776+00:00
[2025-07-07T07:46:08.717+0000] {standard_task_runner.py:57} INFO - Started process 626 to run task
[2025-07-07T07:46:08.720+0000] {standard_task_runner.py:84} INFO - Running: ['airflow', 'tasks', 'run', 'master_etl', 'trigger_dim_policy', 'manual__2025-07-07T07:33:57.814776+00:00', '--job-id', '237', '--raw', '--subdir', 'DAGS_FOLDER/master_etl.py', '--cfg-path', '/tmp/tmptpe55_hz']
[2025-07-07T07:46:08.720+0000] {standard_task_runner.py:85} INFO - Job 237: Subtask trigger_dim_policy
[2025-07-07T07:46:08.778+0000] {task_command.py:410} INFO - Running <TaskInstance: master_etl.trigger_dim_policy manual__2025-07-07T07:33:57.814776+00:00 [running]> on host 1622b3ff66d0
[2025-07-07T07:46:08.872+0000] {taskinstance.py:1547} INFO - Exporting env vars: AIRFLOW_CTX_DAG_OWNER='airflow' AIRFLOW_CTX_DAG_ID='master_etl' AIRFLOW_CTX_TASK_ID='trigger_dim_policy' AIRFLOW_CTX_EXECUTION_DATE='2025-07-07T07:33:57.814776+00:00' AIRFLOW_CTX_TRY_NUMBER='2' AIRFLOW_CTX_DAG_RUN_ID='manual__2025-07-07T07:33:57.814776+00:00'
[2025-07-07T07:46:08.968+0000] {secrets_masker.py:278} WARNING - Unable to redact <TaskInstanceState.SUCCESS: 'success'>, please report this via <https://github.com/apache/airflow/issues>. Error was: TypeError: __call__() missing 1 required positional argument: 'value'
[2025-07-07T07:46:08.968+0000] {trigger_dagrun.py:201} INFO - Waiting for etl_dim_policy on 2025-07-07T07:46:08.873391+00:00 to become allowed state [<TaskInstanceState.SUCCESS: 'success'>] ...
[2025-07-07T07:47:09.093+0000] {secrets_masker.py:278} WARNING - Unable to redact <TaskInstanceState.SUCCESS: 'success'>, please report this via <https://github.com/apache/airflow/issues>. Error was: TypeError: __call__() missing 1 required positional argument: 'value'
[2025-07-07T07:47:09.090+0000] {trigger_dagrun.py:201} INFO - Waiting for etl_dim_policy on 2025-07-07T07:46:08.873391+00:00 to become allowed state [<TaskInstanceState.SUCCESS: 'success'>] ...
[2025-07-07T07:48:09.151+0000] {secrets_masker.py:278} WARNING - Unable to redact <TaskInstanceState.SUCCESS: 'success'>, please report this via <https://github.com/apache/airflow/issues>. Error was: TypeError: __call__() missing 1 required positional argument: 'value'
[2025-07-07T07:48:09.151+0000] {trigger_dagrun.py:201} INFO - Waiting for etl_dim_policy on 2025-07-07T07:46:08.873391+00:00 to become allowed state [<TaskInstanceState.SUCCESS: 'success'>] ...
[2025-07-07T07:49:09.199+0000] {secrets_masker.py:278} WARNING - Unable to redact <TaskInstanceState.SUCCESS: 'success'>, please report this via <https://github.com/apache/airflow/issues>. Error was: TypeError: __call__() missing 1 required positional argument: 'value'
[2025-07-07T07:49:09.198+0000] {trigger_dagrun.py:201} INFO - Waiting for etl_dim_policy on 2025-07-07T07:46:08.873391+00:00 to become allowed state [<TaskInstanceState.SUCCESS: 'success'>] ...
[2025-07-07T07:50:09.247+0000] {secrets_masker.py:278} WARNING - Unable to redact <TaskInstanceState.SUCCESS: 'success'>, please report this via <https://github.com/apache/airflow/issues>. Error was: TypeError: __call__() missing 1 required positional argument: 'value'
[2025-07-07T07:50:09.247+0000] {trigger_dagrun.py:201} INFO - Waiting for etl_dim_policy on 2025-07-07T07:46:08.873391+00:00 to become allowed state [<TaskInstanceState.SUCCESS: 'success'>] ...
[2025-07-07T07:51:09.308+0000] {secrets_masker.py:278} WARNING - Unable to redact <TaskInstanceState.SUCCESS: 'success'>, please report this via <https://github.com/apache/airflow/issues>. Error was: TypeError: __call__() missing 1 required positional argument: 'value'
[2025-07-07T07:51:09.306+0000] {trigger_dagrun.py:201} INFO - Waiting for etl_dim_policy on 2025-07-07T07:46:08.873391+00:00 to become allowed state [<TaskInstanceState.SUCCESS: 'success'>] ...
[2025-07-07T07:52:09.387+0000] {taskinstance.py:1824} ERROR - Task failed with exception
Traceback (most recent call last):
  File "/home/airflow/.local/lib/python3.7/site-packages/airflow/operators/trigger_dagrun.py", line 208, in execute
    raise AirflowException(f"{self.trigger_dag_id} failed with failed states {state}")
airflow.exceptions.AirflowException: etl_dim_policy failed with failed states failed
[2025-07-07T07:52:09.393+0000] {taskinstance.py:1350} INFO - Marking task as FAILED. dag_id=master_etl, task_id=trigger_dim_policy, execution_date=20250707T073357, start_date=20250707T074608, end_date=20250707T075209
[2025-07-07T07:52:09.409+0000] {standard_task_runner.py:109} ERROR - Failed to execute job 237 for task trigger_dim_policy (etl_dim_policy failed with failed states failed; 626)
[2025-07-07T07:52:09.473+0000] {local_task_job_runner.py:225} INFO - Task exited with return code 1
[2025-07-07T07:52:09.513+0000] {taskinstance.py:2653} INFO - 0 downstream tasks scheduled from follow-on schedule check
